<?xml version="1.0" encoding="UTF-8"?>
<!-- Generated by org.testng.reporters.JUnitReportReporter -->
<testsuite hostname="DESKTOP-P7PBAID" failures="0" tests="1" name="Kvar.Krish" time="0.036" errors="0" timestamp="2023-06-14T12:32:05 IST" skipped="0">
  <testcase classname="Kvar.Krish" name="demo" time="0.036">
    <system-out>
      <![CDATA[hello veena]]>
    </system-out>
  </testcase> <!-- demo -->
  <system-out>
    <![CDATA[hello veena
hello veena
hello veena
hello veena]]>
  </system-out>
</testsuite> <!-- Kvar.Krish -->
